# JRE version: OpenJDK Runtime Environment Microsoft-8035246 (17.0.8+7) (build 17.0.8+7-LTS)
# Java VM: OpenJDK 64-Bit Server VM Microsoft-8035246 (17.0.8+7-LTS, mixed mode, sharing, tiered, compressed oops, compressed class ptrs, g1 gc, windows-amd64)
GC Precious Log:
 CPUs: 8 total, 8 available
 Memory: 20259M
 Large Page Support: Disabled
 NUMA Support: Disabled
 Compressed Oops: Enabled (32-bit)
 Heap Region Size: 1M
 Heap Min Capacity: 8M
 Heap Initial Capacity: 318M
 Heap Max Capacity: 2G
 Pre-touch: Disabled
 Parallel Workers: 8
 Concurrent Workers: 2
 Concurrent Refinement Workers: 8
 Periodic GC: Disabled
Heap:
 garbage-first heap   total 342016K, used 230307K [0x0000000080000000, 0x0000000100000000)
  region size 1024K, 45 young (46080K), 7 survivors (7168K)
 Metaspace       used 103082K, committed 104192K, reserved 557056K
  class space    used 14476K, committed 14976K, reserved 425984K
GC Heap History (20 events):
Event: 31.548 GC heap before
{Heap before GC invocations=43 (full 0):
 garbage-first heap   total 190464K, used 104367K [0x0000000080000000, 0x0000000100000000)
  region size 1024K, 9 young (9216K), 8 survivors (8192K)
 Metaspace       used 86863K, committed 87680K, reserved 557056K
  class space    used 12228K, committed 12608K, reserved 425984K
}
Event: 31.555 GC heap after
{Heap after GC invocations=44 (full 0):
 garbage-first heap   total 190464K, used 105757K [0x0000000080000000, 0x0000000100000000)
  region size 1024K, 2 young (2048K), 2 survivors (2048K)
 Metaspace       used 86863K, committed 87680K, reserved 557056K
  class space    used 12228K, committed 12608K, reserved 425984K
}
Event: 32.155 GC heap before
{Heap before GC invocations=44 (full 0):
 garbage-first heap   total 190464K, used 153885K [0x0000000080000000, 0x0000000100000000)
  region size 1024K, 48 young (49152K), 2 survivors (2048K)
 Metaspace       used 88372K, committed 89216K, reserved 557056K
  class space    used 12485K, committed 12864K, reserved 425984K
}
Event: 32.162 GC heap after
{Heap after GC invocations=45 (full 0):
 garbage-first heap   total 190464K, used 116193K [0x0000000080000000, 0x0000000100000000)
  region size 1024K, 6 young (6144K), 6 survivors (6144K)
 Metaspace       used 88372K, committed 89216K, reserved 557056K
  class space    used 12485K, committed 12864K, reserved 425984K
}
Event: 32.663 GC heap before
{Heap before GC invocations=46 (full 0):
 garbage-first heap   total 204800K, used 157153K [0x0000000080000000, 0x0000000100000000)
  region size 1024K, 44 young (45056K), 6 survivors (6144K)
 Metaspace       used 89205K, committed 90112K, reserved 557056K
  class space    used 12629K, committed 12992K, reserved 425984K
}
Event: 32.670 GC heap after
{Heap after GC invocations=47 (full 0):
 garbage-first heap   total 204800K, used 126564K [0x0000000080000000, 0x0000000100000000)
  region size 1024K, 6 young (6144K), 6 survivors (6144K)
 Metaspace       used 89205K, committed 90112K, reserved 557056K
  class space    used 12629K, committed 12992K, reserved 425984K
}
Event: 32.718 GC heap before
{Heap before GC invocations=47 (full 0):
 garbage-first heap   total 204800K, used 129636K [0x0000000080000000, 0x0000000100000000)
  region size 1024K, 10 young (10240K), 6 survivors (6144K)
 Metaspace       used 89364K, committed 90304K, reserved 557056K
  class space    used 12648K, committed 13056K, reserved 425984K
}
Event: 32.722 GC heap after
{Heap after GC invocations=48 (full 0):
 garbage-first heap   total 204800K, used 128070K [0x0000000080000000, 0x0000000100000000)
  region size 1024K, 2 young (2048K), 2 survivors (2048K)
 Metaspace       used 89364K, committed 90304K, reserved 557056K
  class space    used 12648K, committed 13056K, reserved 425984K
}
Event: 33.199 GC heap before
{Heap before GC invocations=48 (full 0):
 garbage-first heap   total 204800K, used 165958K [0x0000000080000000, 0x0000000100000000)
  region size 1024K, 39 young (39936K), 2 survivors (2048K)
 Metaspace       used 91756K, committed 92672K, reserved 557056K
  class space    used 12977K, committed 13376K, reserved 425984K
}
Event: 33.203 GC heap after
{Heap after GC invocations=49 (full 0):
 garbage-first heap   total 342016K, used 129567K [0x0000000080000000, 0x0000000100000000)
  region size 1024K, 3 young (3072K), 3 survivors (3072K)
 Metaspace       used 91756K, committed 92672K, reserved 557056K
  class space    used 12977K, committed 13376K, reserved 425984K
}
Event: 34.164 GC heap before
{Heap before GC invocations=49 (full 0):
 garbage-first heap   total 342016K, used 238111K [0x0000000080000000, 0x0000000100000000)
  region size 1024K, 109 young (111616K), 3 survivors (3072K)
 Metaspace       used 94973K, committed 96000K, reserved 557056K
  class space    used 13419K, committed 13888K, reserved 425984K
}
Event: 34.176 GC heap after
{Heap after GC invocations=50 (full 0):
 garbage-first heap   total 342016K, used 141407K [0x0000000080000000, 0x0000000100000000)
  region size 1024K, 14 young (14336K), 14 survivors (14336K)
 Metaspace       used 94973K, committed 96000K, reserved 557056K
  class space    used 13419K, committed 13888K, reserved 425984K
}
Event: 35.286 GC heap before
{Heap before GC invocations=50 (full 0):
 garbage-first heap   total 342016K, used 248927K [0x0000000080000000, 0x0000000100000000)
  region size 1024K, 117 young (119808K), 14 survivors (14336K)
 Metaspace       used 95701K, committed 96768K, reserved 557056K
  class space    used 13501K, committed 14016K, reserved 425984K
}
Event: 35.304 GC heap after
{Heap after GC invocations=51 (full 0):
 garbage-first heap   total 342016K, used 163573K [0x0000000080000000, 0x0000000100000000)
  region size 1024K, 15 young (15360K), 15 survivors (15360K)
 Metaspace       used 95701K, committed 96768K, reserved 557056K
  class space    used 13501K, committed 14016K, reserved 425984K
}
Event: 36.670 GC heap before
{Heap before GC invocations=51 (full 0):
 garbage-first heap   total 342016K, used 256757K [0x0000000080000000, 0x0000000100000000)
  region size 1024K, 105 young (107520K), 15 survivors (15360K)
 Metaspace       used 101097K, committed 102208K, reserved 557056K
  class space    used 14228K, committed 14720K, reserved 425984K
}
Event: 36.687 GC heap after
{Heap after GC invocations=52 (full 0):
 garbage-first heap   total 342016K, used 177137K [0x0000000080000000, 0x0000000100000000)
  region size 1024K, 12 young (12288K), 12 survivors (12288K)
 Metaspace       used 101097K, committed 102208K, reserved 557056K
  class space    used 14228K, committed 14720K, reserved 425984K
}
Event: 37.544 GC heap before
{Heap before GC invocations=52 (full 0):
 garbage-first heap   total 342016K, used 263153K [0x0000000080000000, 0x0000000100000000)
  region size 1024K, 96 young (98304K), 12 survivors (12288K)
 Metaspace       used 102418K, committed 103488K, reserved 557056K
  class space    used 14422K, committed 14912K, reserved 425984K
}
Event: 37.561 GC heap after
{Heap after GC invocations=53 (full 0):
 garbage-first heap   total 342016K, used 185979K [0x0000000080000000, 0x0000000100000000)
  region size 1024K, 9 young (9216K), 9 survivors (9216K)
 Metaspace       used 102418K, committed 103488K, reserved 557056K
  class space    used 14422K, committed 14912K, reserved 425984K
}
Event: 38.458 GC heap before
{Heap before GC invocations=53 (full 0):
 garbage-first heap   total 342016K, used 268923K [0x0000000080000000, 0x0000000100000000)
  region size 1024K, 91 young (93184K), 9 survivors (9216K)
 Metaspace       used 103071K, committed 104192K, reserved 557056K
  class space    used 14476K, committed 14976K, reserved 425984K
}
Event: 38.471 GC heap after
{Heap after GC invocations=54 (full 0):
 garbage-first heap   total 342016K, used 192419K [0x0000000080000000, 0x0000000100000000)
  region size 1024K, 7 young (7168K), 7 survivors (7168K)
 Metaspace       used 103071K, committed 104192K, reserved 557056K
  class space    used 14476K, committed 14976K, reserved 425984K
}

